[HTTP] Binding to address: :1080
Creating API v1 with WebPath: 
Creating API v2 with WebPath: 
[APIv1] KEEPALIVE /api/v1/events
[APIv1] KEEPALIVE /api/v1/events
[APIv1] KEEPALIVE /api/v1/events
[APIv1] KEEPALIVE /api/v1/events
[APIv1] KEEPALIVE /api/v1/events
Got message in APIv2 websocket channel
[APIv2] BROADCAST /api/v2/websocket
Got message in APIv1 event stream
Sending content: {
  "ID": "gygLEaUUggjVEUSaOudzmsVODW_9_jAc611SF8LhrJk=@mailhog.example",
  "From": {
    "Relays": null,
    "Mailbox": "nobody",
    "Domain": "0124731e0607",
    "Params": ""
  },
  "To": [
    {
      "Relays": null,
      "Mailbox": "mailhog",
      "Domain": "flywheel.local",
      "Params": ""
    }
  ],
  "Content": {
    "Headers": {
      "Content-Type": [
        "text/plain; charset=UTF-8"
      ],
      "Date": [
        "Fri, 5 Feb 2021 19:35:58 +0000"
      ],
      "From": [
        "WordPress \u003cwordpress@custom-21.local\u003e"
      ],
      "MIME-Version": [
        "1.0"
      ],
      "Message-ID": [
        "\u003csanHfrwu8c3PQCfvpfiAGELBVgvwEIg4zUIwllTST8@custom-21.local\u003e"
      ],
      "Received": [
        "from localhost by mailhog.example (MailHog)\r\n          id gygLEaUUggjVEUSaOudzmsVODW_9_jAc611SF8LhrJk=@mailhog.example; Fri, 05 Feb 2021 19:35:58 +0000"
      ],
      "Return-Path": [
        "\u003cnobody@0124731e0607\u003e"
      ],
      "Subject": [
        "New WordPress Site"
      ],
      "To": [
        "dev-email@flywheel.local"
      ],
      "X-Mailer": [
        "PHPMailer 6.2.0 (https://github.com/PHPMailer/PHPMailer)"
      ],
      "X-PHP-Originating-Script": [
        "0:PHPMailer.php"
      ]
    },
    "Body": "Your new WordPress site has been successfully set up at:\r\n\r\nhttp://custom-21.local\r\n\r\nYou can log in to the administrator account with the following information:\r\n\r\nUsername: jeremy\r\nPassword: The password you chose during installation.\r\nLog in here: http://custom-21.local/wp-login.php\r\n\r\nWe hope you enjoy your new site. Thanks!\r\n\r\n--The WordPress Team\r\nhttps://wordpress.org/\r\n",
    "Size": 769,
    "MIME": null
  },
  "Created": "2021-02-05T19:35:58.226357281Z",
  "MIME": null,
  "Raw": {
    "From": "nobody@0124731e0607",
    "To": [
      "mailhog@flywheel.local"
    ],
    "Data": "To: dev-email@flywheel.local\r\nSubject: New WordPress Site\r\nX-PHP-Originating-Script: 0:PHPMailer.php\r\nDate: Fri, 5 Feb 2021 19:35:58 +0000\r\nFrom: WordPress \u003cwordpress@custom-21.local\u003e\r\nMessage-ID: \u003csanHfrwu8c3PQCfvpfiAGELBVgvwEIg4zUIwllTST8@custom-21.local\u003e\r\nX-Mailer: PHPMailer 6.2.0 (https://github.com/PHPMailer/PHPMailer)\r\nMIME-Version: 1.0\r\nContent-Type: text/plain; charset=UTF-8\r\n\r\nYour new WordPress site has been successfully set up at:\r\n\r\nhttp://custom-21.local\r\n\r\nYou can log in to the administrator account with the following information:\r\n\r\nUsername: jeremy\r\nPassword: The password you chose during installation.\r\nLog in here: http://custom-21.local/wp-login.php\r\n\r\nWe hope you enjoy your new site. Thanks!\r\n\r\n--The WordPress Team\r\nhttps://wordpress.org/\r\n",
    "Helo": "localhost"
  }
}

[APIv1] BROADCAST /api/v1/events
[APIv1] KEEPALIVE /api/v1/events
[APIv1] KEEPALIVE /api/v1/events
[APIv1] KEEPALIVE /api/v1/events
[APIv1] KEEPALIVE /api/v1/events
[APIv1] KEEPALIVE /api/v1/events
[APIv1] KEEPALIVE /api/v1/events
[APIv1] KEEPALIVE /api/v1/events
[APIv1] KEEPALIVE /api/v1/events
